1764022721.045565 client started (164705): version 3.5a, socket /tmp/tmux-1000/default, protocol 8
1764022721.045586 on Linux 6.17.8-arch1-1 #1 SMP PREEMPT_DYNAMIC Fri, 14 Nov 2025 06:54:20 +0000
1764022721.045589 using libevent 2.1.12-stable poll
1764022721.045591 using ncurses 6.5 20240427
1764022721.045603 flags are 0x18010000
1764022721.045612 socket is /tmp/tmux-1000/default
1764022721.045621 trying connect
1764022721.045631 connect failed: Connection refused
1764022721.045639 lock file is /tmp/tmux-1000/default.lock
1764022721.045653 flock succeeded
1764022721.045655 got lock (6)
1764022721.045660 trying connect
1764022721.045665 connect failed: Connection refused
1764022721.045850 add peer 0x5590e2db00f0: 7 ((nil))
1764022721.046188 sending message 111 to peer 0x5590e2db00f0 (8 bytes)
1764022721.046198 sending message 111 to peer 0x5590e2db00f0 (8 bytes)
1764022721.046200 sending message 101 to peer 0x5590e2db00f0 (5 bytes)
1764022721.046203 sending message 109 to peer 0x5590e2db00f0 (4 bytes)
1764022721.046205 sending message 102 to peer 0x5590e2db00f0 (11 bytes)
1764022721.046207 sending message 108 to peer 0x5590e2db00f0 (52 bytes)
1764022721.046209 sending message 112 to peer 0x5590e2db00f0 (58 bytes)
1764022721.046211 sending message 112 to peer 0x5590e2db00f0 (5 bytes)
1764022721.046213 sending message 112 to peer 0x5590e2db00f0 (5 bytes)
1764022721.046215 sending message 112 to peer 0x5590e2db00f0 (6 bytes)
1764022721.046217 sending message 112 to peer 0x5590e2db00f0 (6 bytes)
1764022721.046219 sending message 112 to peer 0x5590e2db00f0 (11 bytes)
1764022721.046221 sending message 112 to peer 0x5590e2db00f0 (10 bytes)
1764022721.046223 sending message 112 to peer 0x5590e2db00f0 (13 bytes)
1764022721.046225 sending message 112 to peer 0x5590e2db00f0 (14 bytes)
1764022721.046227 sending message 112 to peer 0x5590e2db00f0 (19 bytes)
1764022721.046229 sending message 112 to peer 0x5590e2db00f0 (11 bytes)
1764022721.046231 sending message 112 to peer 0x5590e2db00f0 (11 bytes)
1764022721.046234 sending message 112 to peer 0x5590e2db00f0 (16 bytes)
1764022721.046236 sending message 112 to peer 0x5590e2db00f0 (21 bytes)
1764022721.046238 sending message 112 to peer 0x5590e2db00f0 (13 bytes)
1764022721.046240 sending message 112 to peer 0x5590e2db00f0 (7 bytes)
1764022721.046242 sending message 112 to peer 0x5590e2db00f0 (13 bytes)
1764022721.046244 sending message 112 to peer 0x5590e2db00f0 (7 bytes)
1764022721.046246 sending message 112 to peer 0x5590e2db00f0 (13 bytes)
1764022721.046248 sending message 112 to peer 0x5590e2db00f0 (9 bytes)
1764022721.046250 sending message 112 to peer 0x5590e2db00f0 (21 bytes)
1764022721.046252 sending message 112 to peer 0x5590e2db00f0 (13 bytes)
1764022721.046254 sending message 112 to peer 0x5590e2db00f0 (9 bytes)
1764022721.046256 sending message 112 to peer 0x5590e2db00f0 (16 bytes)
1764022721.046258 sending message 112 to peer 0x5590e2db00f0 (13 bytes)
1764022721.046260 sending message 112 to peer 0x5590e2db00f0 (9 bytes)
1764022721.046262 sending message 112 to peer 0x5590e2db00f0 (9 bytes)
1764022721.046264 sending message 112 to peer 0x5590e2db00f0 (12 bytes)
1764022721.046267 sending message 112 to peer 0x5590e2db00f0 (8 bytes)
1764022721.046269 sending message 112 to peer 0x5590e2db00f0 (8 bytes)
1764022721.046271 sending message 112 to peer 0x5590e2db00f0 (13 bytes)
1764022721.046273 sending message 112 to peer 0x5590e2db00f0 (7 bytes)
1764022721.046275 sending message 112 to peer 0x5590e2db00f0 (7 bytes)
1764022721.046277 sending message 112 to peer 0x5590e2db00f0 (9 bytes)
1764022721.046279 sending message 112 to peer 0x5590e2db00f0 (7 bytes)
1764022721.046281 sending message 112 to peer 0x5590e2db00f0 (9 bytes)
1764022721.046283 sending message 112 to peer 0x5590e2db00f0 (15 bytes)
1764022721.046286 sending message 112 to peer 0x5590e2db00f0 (13 bytes)
1764022721.046288 sending message 112 to peer 0x5590e2db00f0 (9 bytes)
1764022721.046290 sending message 112 to peer 0x5590e2db00f0 (12 bytes)
1764022721.046292 sending message 112 to peer 0x5590e2db00f0 (8 bytes)
1764022721.046293 sending message 112 to peer 0x5590e2db00f0 (14 bytes)
1764022721.046301 sending message 112 to peer 0x5590e2db00f0 (11 bytes)
1764022721.046303 sending message 112 to peer 0x5590e2db00f0 (9 bytes)
1764022721.046305 sending message 112 to peer 0x5590e2db00f0 (10 bytes)
1764022721.046306 sending message 112 to peer 0x5590e2db00f0 (10 bytes)
1764022721.046308 sending message 112 to peer 0x5590e2db00f0 (10 bytes)
1764022721.046310 sending message 112 to peer 0x5590e2db00f0 (10 bytes)
1764022721.046311 sending message 112 to peer 0x5590e2db00f0 (11 bytes)
1764022721.046313 sending message 112 to peer 0x5590e2db00f0 (12 bytes)
1764022721.046314 sending message 112 to peer 0x5590e2db00f0 (12 bytes)
1764022721.046316 sending message 112 to peer 0x5590e2db00f0 (12 bytes)
1764022721.046318 sending message 112 to peer 0x5590e2db00f0 (12 bytes)
1764022721.046319 sending message 112 to peer 0x5590e2db00f0 (12 bytes)
1764022721.046321 sending message 112 to peer 0x5590e2db00f0 (11 bytes)
1764022721.046323 sending message 112 to peer 0x5590e2db00f0 (11 bytes)
1764022721.046324 sending message 112 to peer 0x5590e2db00f0 (12 bytes)
1764022721.046326 sending message 112 to peer 0x5590e2db00f0 (12 bytes)
1764022721.046327 sending message 112 to peer 0x5590e2db00f0 (12 bytes)
1764022721.046329 sending message 112 to peer 0x5590e2db00f0 (12 bytes)
1764022721.046331 sending message 112 to peer 0x5590e2db00f0 (12 bytes)
1764022721.046332 sending message 112 to peer 0x5590e2db00f0 (9 bytes)
1764022721.046334 sending message 112 to peer 0x5590e2db00f0 (12 bytes)
1764022721.046336 sending message 112 to peer 0x5590e2db00f0 (13 bytes)
1764022721.046337 sending message 112 to peer 0x5590e2db00f0 (13 bytes)
1764022721.046339 sending message 112 to peer 0x5590e2db00f0 (13 bytes)
1764022721.046341 sending message 112 to peer 0x5590e2db00f0 (13 bytes)
1764022721.046342 sending message 112 to peer 0x5590e2db00f0 (13 bytes)
1764022721.046344 sending message 112 to peer 0x5590e2db00f0 (8 bytes)
1764022721.046346 sending message 112 to peer 0x5590e2db00f0 (11 bytes)
1764022721.046348 sending message 112 to peer 0x5590e2db00f0 (11 bytes)
1764022721.046349 sending message 112 to peer 0x5590e2db00f0 (11 bytes)
1764022721.046351 sending message 112 to peer 0x5590e2db00f0 (12 bytes)
1764022721.046352 sending message 112 to peer 0x5590e2db00f0 (12 bytes)
1764022721.046354 sending message 112 to peer 0x5590e2db00f0 (12 bytes)
1764022721.046356 sending message 112 to peer 0x5590e2db00f0 (12 bytes)
1764022721.046357 sending message 112 to peer 0x5590e2db00f0 (13 bytes)
1764022721.046359 sending message 112 to peer 0x5590e2db00f0 (13 bytes)
1764022721.046360 sending message 112 to peer 0x5590e2db00f0 (13 bytes)
1764022721.046362 sending message 112 to peer 0x5590e2db00f0 (8 bytes)
1764022721.046364 sending message 112 to peer 0x5590e2db00f0 (13 bytes)
1764022721.046365 sending message 112 to peer 0x5590e2db00f0 (13 bytes)
1764022721.046367 sending message 112 to peer 0x5590e2db00f0 (13 bytes)
1764022721.046368 sending message 112 to peer 0x5590e2db00f0 (13 bytes)
1764022721.046370 sending message 112 to peer 0x5590e2db00f0 (13 bytes)
1764022721.046372 sending message 112 to peer 0x5590e2db00f0 (12 bytes)
1764022721.046373 sending message 112 to peer 0x5590e2db00f0 (12 bytes)
1764022721.046375 sending message 112 to peer 0x5590e2db00f0 (12 bytes)
1764022721.046377 sending message 112 to peer 0x5590e2db00f0 (12 bytes)
1764022721.046378 sending message 112 to peer 0x5590e2db00f0 (13 bytes)
1764022721.046380 sending message 112 to peer 0x5590e2db00f0 (8 bytes)
1764022721.046382 sending message 112 to peer 0x5590e2db00f0 (13 bytes)
1764022721.046383 sending message 112 to peer 0x5590e2db00f0 (13 bytes)
1764022721.046385 sending message 112 to peer 0x5590e2db00f0 (13 bytes)
1764022721.046387 sending message 112 to peer 0x5590e2db00f0 (13 bytes)
1764022721.046389 sending message 112 to peer 0x5590e2db00f0 (13 bytes)
1764022721.046390 sending message 112 to peer 0x5590e2db00f0 (13 bytes)
1764022721.046392 sending message 112 to peer 0x5590e2db00f0 (13 bytes)
1764022721.046394 sending message 112 to peer 0x5590e2db00f0 (12 bytes)
1764022721.046398 sending message 112 to peer 0x5590e2db00f0 (12 bytes)
1764022721.046399 sending message 112 to peer 0x5590e2db00f0 (12 bytes)
1764022721.046401 sending message 112 to peer 0x5590e2db00f0 (8 bytes)
1764022721.046403 sending message 112 to peer 0x5590e2db00f0 (12 bytes)
1764022721.046404 sending message 112 to peer 0x5590e2db00f0 (13 bytes)
1764022721.046406 sending message 112 to peer 0x5590e2db00f0 (13 bytes)
1764022721.046408 sending message 112 to peer 0x5590e2db00f0 (13 bytes)
1764022721.046409 sending message 112 to peer 0x5590e2db00f0 (13 bytes)
1764022721.046411 sending message 112 to peer 0x5590e2db00f0 (13 bytes)
1764022721.046413 sending message 112 to peer 0x5590e2db00f0 (13 bytes)
1764022721.046414 sending message 112 to peer 0x5590e2db00f0 (13 bytes)
1764022721.046416 sending message 112 to peer 0x5590e2db00f0 (13 bytes)
1764022721.046417 sending message 112 to peer 0x5590e2db00f0 (12 bytes)
1764022721.046419 sending message 112 to peer 0x5590e2db00f0 (10 bytes)
1764022721.046421 sending message 112 to peer 0x5590e2db00f0 (12 bytes)
1764022721.046422 sending message 112 to peer 0x5590e2db00f0 (12 bytes)
1764022721.046424 sending message 112 to peer 0x5590e2db00f0 (12 bytes)
1764022721.046426 sending message 112 to peer 0x5590e2db00f0 (13 bytes)
1764022721.046427 sending message 112 to peer 0x5590e2db00f0 (13 bytes)
1764022721.046429 sending message 112 to peer 0x5590e2db00f0 (13 bytes)
1764022721.046431 sending message 112 to peer 0x5590e2db00f0 (13 bytes)
1764022721.046432 sending message 112 to peer 0x5590e2db00f0 (13 bytes)
1764022721.046434 sending message 112 to peer 0x5590e2db00f0 (13 bytes)
1764022721.046436 sending message 112 to peer 0x5590e2db00f0 (13 bytes)
1764022721.046437 sending message 112 to peer 0x5590e2db00f0 (10 bytes)
1764022721.046439 sending message 112 to peer 0x5590e2db00f0 (13 bytes)
1764022721.046441 sending message 112 to peer 0x5590e2db00f0 (12 bytes)
1764022721.046442 sending message 112 to peer 0x5590e2db00f0 (12 bytes)
1764022721.046444 sending message 112 to peer 0x5590e2db00f0 (12 bytes)
1764022721.046446 sending message 112 to peer 0x5590e2db00f0 (10 bytes)
1764022721.046447 sending message 112 to peer 0x5590e2db00f0 (10 bytes)
1764022721.046449 sending message 112 to peer 0x5590e2db00f0 (10 bytes)
1764022721.046451 sending message 112 to peer 0x5590e2db00f0 (12 bytes)
1764022721.046452 sending message 112 to peer 0x5590e2db00f0 (13 bytes)
1764022721.046454 sending message 112 to peer 0x5590e2db00f0 (13 bytes)
1764022721.046456 sending message 112 to peer 0x5590e2db00f0 (13 bytes)
1764022721.046457 sending message 112 to peer 0x5590e2db00f0 (13 bytes)
1764022721.046459 sending message 112 to peer 0x5590e2db00f0 (13 bytes)
1764022721.046461 sending message 112 to peer 0x5590e2db00f0 (10 bytes)
1764022721.046463 sending message 112 to peer 0x5590e2db00f0 (11 bytes)
1764022721.046464 sending message 112 to peer 0x5590e2db00f0 (12 bytes)
1764022721.046466 sending message 112 to peer 0x5590e2db00f0 (12 bytes)
1764022721.046468 sending message 112 to peer 0x5590e2db00f0 (12 bytes)
1764022721.046469 sending message 112 to peer 0x5590e2db00f0 (12 bytes)
1764022721.046471 sending message 112 to peer 0x5590e2db00f0 (12 bytes)
1764022721.046473 sending message 112 to peer 0x5590e2db00f0 (11 bytes)
1764022721.046474 sending message 112 to peer 0x5590e2db00f0 (12 bytes)
1764022721.046476 sending message 112 to peer 0x5590e2db00f0 (12 bytes)
1764022721.046478 sending message 112 to peer 0x5590e2db00f0 (13 bytes)
1764022721.046479 sending message 112 to peer 0x5590e2db00f0 (13 bytes)
1764022721.046481 sending message 112 to peer 0x5590e2db00f0 (13 bytes)
1764022721.046483 sending message 112 to peer 0x5590e2db00f0 (13 bytes)
1764022721.046484 sending message 112 to peer 0x5590e2db00f0 (13 bytes)
1764022721.046486 sending message 112 to peer 0x5590e2db00f0 (10 bytes)
1764022721.046488 sending message 112 to peer 0x5590e2db00f0 (9 bytes)
1764022721.046490 sending message 112 to peer 0x5590e2db00f0 (12 bytes)
1764022721.046494 sending message 112 to peer 0x5590e2db00f0 (13 bytes)
1764022721.046495 sending message 112 to peer 0x5590e2db00f0 (13 bytes)
1764022721.046497 sending message 112 to peer 0x5590e2db00f0 (13 bytes)
1764022721.046498 sending message 112 to peer 0x5590e2db00f0 (13 bytes)
1764022721.046500 sending message 112 to peer 0x5590e2db00f0 (13 bytes)
1764022721.046502 sending message 112 to peer 0x5590e2db00f0 (9 bytes)
1764022721.046503 sending message 112 to peer 0x5590e2db00f0 (12 bytes)
1764022721.046505 sending message 112 to peer 0x5590e2db00f0 (13 bytes)
1764022721.046507 sending message 112 to peer 0x5590e2db00f0 (13 bytes)
1764022721.046508 sending message 112 to peer 0x5590e2db00f0 (13 bytes)
1764022721.046510 sending message 112 to peer 0x5590e2db00f0 (13 bytes)
1764022721.046511 sending message 112 to peer 0x5590e2db00f0 (13 bytes)
1764022721.046513 sending message 112 to peer 0x5590e2db00f0 (11 bytes)
1764022721.046515 sending message 112 to peer 0x5590e2db00f0 (12 bytes)
1764022721.046516 sending message 112 to peer 0x5590e2db00f0 (13 bytes)
1764022721.046518 sending message 112 to peer 0x5590e2db00f0 (13 bytes)
1764022721.046520 sending message 112 to peer 0x5590e2db00f0 (13 bytes)
1764022721.046521 sending message 112 to peer 0x5590e2db00f0 (13 bytes)
1764022721.046523 sending message 112 to peer 0x5590e2db00f0 (13 bytes)
1764022721.046524 sending message 112 to peer 0x5590e2db00f0 (11 bytes)
1764022721.046526 sending message 112 to peer 0x5590e2db00f0 (12 bytes)
1764022721.046528 sending message 112 to peer 0x5590e2db00f0 (12 bytes)
1764022721.046529 sending message 112 to peer 0x5590e2db00f0 (12 bytes)
1764022721.046531 sending message 112 to peer 0x5590e2db00f0 (12 bytes)
1764022721.046533 sending message 112 to peer 0x5590e2db00f0 (12 bytes)
1764022721.046534 sending message 112 to peer 0x5590e2db00f0 (22 bytes)
1764022721.046536 sending message 112 to peer 0x5590e2db00f0 (12 bytes)
1764022721.046537 sending message 112 to peer 0x5590e2db00f0 (9 bytes)
1764022721.046539 sending message 112 to peer 0x5590e2db00f0 (6 bytes)
1764022721.046541 sending message 112 to peer 0x5590e2db00f0 (13 bytes)
1764022721.046542 sending message 112 to peer 0x5590e2db00f0 (10 bytes)
1764022721.046544 sending message 112 to peer 0x5590e2db00f0 (24 bytes)
1764022721.046546 sending message 112 to peer 0x5590e2db00f0 (13 bytes)
1764022721.046547 sending message 112 to peer 0x5590e2db00f0 (8 bytes)
1764022721.046549 sending message 112 to peer 0x5590e2db00f0 (70 bytes)
1764022721.046551 sending message 112 to peer 0x5590e2db00f0 (69 bytes)
1764022721.046553 sending message 112 to peer 0x5590e2db00f0 (12 bytes)
1764022721.046554 sending message 112 to peer 0x5590e2db00f0 (10 bytes)
1764022721.046556 sending message 112 to peer 0x5590e2db00f0 (10 bytes)
1764022721.046558 sending message 112 to peer 0x5590e2db00f0 (24 bytes)
1764022721.046560 sending message 112 to peer 0x5590e2db00f0 (13 bytes)
1764022721.046561 sending message 112 to peer 0x5590e2db00f0 (10 bytes)
1764022721.046563 sending message 112 to peer 0x5590e2db00f0 (10 bytes)
1764022721.046565 sending message 112 to peer 0x5590e2db00f0 (10 bytes)
1764022721.046566 sending message 112 to peer 0x5590e2db00f0 (13 bytes)
1764022721.046568 sending message 112 to peer 0x5590e2db00f0 (9 bytes)
1764022721.046570 sending message 112 to peer 0x5590e2db00f0 (15 bytes)
1764022721.046572 sending message 112 to peer 0x5590e2db00f0 (5 bytes)
1764022721.046574 sending message 104 to peer 0x5590e2db00f0 (0 bytes)
1764022721.046576 sending message 110 to peer 0x5590e2db00f0 (0 bytes)
1764022721.046579 sending message 107 to peer 0x5590e2db00f0 (4 bytes)
1764022721.046580 sending message 105 to peer 0x5590e2db00f0 (20 bytes)
1764022721.046582 sending message 105 to peer 0x5590e2db00f0 (20 bytes)
1764022721.046584 sending message 105 to peer 0x5590e2db00f0 (33 bytes)
1764022721.046586 sending message 105 to peer 0x5590e2db00f0 (15 bytes)
1764022721.046588 sending message 105 to peer 0x5590e2db00f0 (46 bytes)
1764022721.046589 sending message 105 to peer 0x5590e2db00f0 (75 bytes)
1764022721.046593 sending message 105 to peer 0x5590e2db00f0 (64 bytes)
1764022721.046595 sending message 105 to peer 0x5590e2db00f0 (51 bytes)
1764022721.046597 sending message 105 to peer 0x5590e2db00f0 (16 bytes)
1764022721.046598 sending message 105 to peer 0x5590e2db00f0 (12 bytes)
1764022721.046600 sending message 105 to peer 0x5590e2db00f0 (56 bytes)
1764022721.046602 sending message 105 to peer 0x5590e2db00f0 (15 bytes)
1764022721.046604 sending message 105 to peer 0x5590e2db00f0 (56 bytes)
1764022721.046605 sending message 105 to peer 0x5590e2db00f0 (25 bytes)
1764022721.046607 sending message 105 to peer 0x5590e2db00f0 (11 bytes)
1764022721.046609 sending message 105 to peer 0x5590e2db00f0 (25 bytes)
1764022721.046610 sending message 105 to peer 0x5590e2db00f0 (21 bytes)
1764022721.046612 sending message 105 to peer 0x5590e2db00f0 (15 bytes)
1764022721.046614 sending message 105 to peer 0x5590e2db00f0 (14 bytes)
1764022721.046615 sending message 105 to peer 0x5590e2db00f0 (17 bytes)
1764022721.046617 sending message 105 to peer 0x5590e2db00f0 (270 bytes)
1764022721.046619 sending message 105 to peer 0x5590e2db00f0 (27 bytes)
1764022721.046621 sending message 105 to peer 0x5590e2db00f0 (33 bytes)
1764022721.046622 sending message 105 to peer 0x5590e2db00f0 (24 bytes)
1764022721.046624 sending message 105 to peer 0x5590e2db00f0 (77 bytes)
1764022721.046626 sending message 105 to peer 0x5590e2db00f0 (48 bytes)
1764022721.046627 sending message 105 to peer 0x5590e2db00f0 (26 bytes)
1764022721.046629 sending message 105 to peer 0x5590e2db00f0 (459 bytes)
1764022721.046631 sending message 105 to peer 0x5590e2db00f0 (47 bytes)
1764022721.046633 sending message 105 to peer 0x5590e2db00f0 (53 bytes)
1764022721.046635 sending message 105 to peer 0x5590e2db00f0 (225 bytes)
1764022721.046636 sending message 105 to peer 0x5590e2db00f0 (23 bytes)
1764022721.046638 sending message 105 to peer 0x5590e2db00f0 (10 bytes)
1764022721.046640 sending message 105 to peer 0x5590e2db00f0 (29 bytes)
1764022721.046642 sending message 105 to peer 0x5590e2db00f0 (8 bytes)
1764022721.046643 sending message 105 to peer 0x5590e2db00f0 (483 bytes)
1764022721.046645 sending message 105 to peer 0x5590e2db00f0 (12 bytes)
1764022721.046647 sending message 105 to peer 0x5590e2db00f0 (11 bytes)
1764022721.046649 sending message 105 to peer 0x5590e2db00f0 (8 bytes)
1764022721.046651 sending message 105 to peer 0x5590e2db00f0 (44 bytes)
1764022721.046652 sending message 105 to peer 0x5590e2db00f0 (11 bytes)
1764022721.046654 sending message 105 to peer 0x5590e2db00f0 (18 bytes)
1764022721.046656 sending message 105 to peer 0x5590e2db00f0 (31 bytes)
1764022721.046658 sending message 105 to peer 0x5590e2db00f0 (260 bytes)
1764022721.046659 sending message 105 to peer 0x5590e2db00f0 (50 bytes)
1764022721.046661 sending message 105 to peer 0x5590e2db00f0 (48 bytes)
1764022721.046663 sending message 105 to peer 0x5590e2db00f0 (16 bytes)
1764022721.046665 sending message 105 to peer 0x5590e2db00f0 (661 bytes)
1764022721.046666 sending message 105 to peer 0x5590e2db00f0 (19 bytes)
1764022721.046668 sending message 105 to peer 0x5590e2db00f0 (54 bytes)
1764022721.046670 sending message 105 to peer 0x5590e2db00f0 (24 bytes)
1764022721.046672 sending message 105 to peer 0x5590e2db00f0 (55 bytes)
1764022721.046674 sending message 105 to peer 0x5590e2db00f0 (17 bytes)
1764022721.046675 sending message 106 to peer 0x5590e2db00f0 (0 bytes)
1764022721.046706 sending message 200 to peer 0x5590e2db00f0 (4 bytes)
1764022721.046708 client loop enter
1764022721.046717 client_signal: Child exited
1764022721.150599 peer 0x5590e2db00f0 message 207
1764022721.150616 sending message 208 to peer 0x5590e2db00f0 (0 bytes)
1764022723.115525 peer 0x5590e2db00f0 message 203
1764022723.115533 sending message 205 to peer 0x5590e2db00f0 (0 bytes)
1764022723.116096 peer 0x5590e2db00f0 message 204
1764022723.116103 client loop exit
